[INFO] Scanning for projects...
[INFO]
[INFO] -----------------------< com.agrisales:backend >------------------------
[INFO] Building backend 0.0.1-SNAPSHOT
[INFO]   from pom.xml
[INFO] --------------------------------[ jar ]---------------------------------
[INFO]
[INFO] >>> spring-boot:3.5.0:run (default-cli) > test-compile @ backend >>>
[INFO]
[INFO] --- resources:3.3.1:resources (default-resources) @ backend ---
[INFO] Copying 1 resource from src/main/resources to target/classes
[INFO] Copying 0 resource from src/main/resources to target/classes
[INFO]
[INFO] --- compiler:3.14.0:compile (default-compile) @ backend ---
[INFO] Recompiling the module because of changed source code.
[INFO] Compiling 30 source files with javac [debug parameters release 17] to target/classes
[INFO]
[INFO] --- resources:3.3.1:testResources (default-testResources) @ backend ---
[INFO] skip non existing resourceDirectory /app/backend/src/test/resources
[INFO]
[INFO] --- compiler:3.14.0:testCompile (default-testCompile) @ backend ---
[INFO] Recompiling the module because of changed dependency.
[INFO] Compiling 1 source file with javac [debug parameters release 17] to target/test-classes
[INFO]
[INFO] <<< spring-boot:3.5.0:run (default-cli) < test-compile @ backend <<<
[INFO]
[INFO]
[INFO] --- spring-boot:3.5.0:run (default-cli) @ backend ---
[INFO] Attaching agents: []

  .   ____          _            __ _ _
 /\\ / ___'_ __ _ _(_)_ __  __ _ \ \ \ \
( ( )\___ | '_ | '_| | '_ \/ _` | \ \ \ \
 \\/  ___)| |_)| | | | | || (_| |  ) ) ) )
  '  |____| .__|_| |_|_| |_\__, | / / / /
 =========|_|==============|___/=/_/_/_/

 :: Spring Boot ::                (v3.5.0)

2026-04-07T14:42:00.621Z  INFO 338251 --- [           main] c.agrisales.backend.BackendApplication   : Starting BackendApplication using Java 21.0.10 with PID 338251 (/app/backend/target/classes started by jules in /app/backend)
2026-04-07T14:42:00.625Z  INFO 338251 --- [           main] c.agrisales.backend.BackendApplication   : No active profile set, falling back to 1 default profile: "default"
2026-04-07T14:42:02.745Z  INFO 338251 --- [           main] o.s.b.w.embedded.tomcat.TomcatWebServer  : Tomcat initialized with port 8080 (http)
2026-04-07T14:42:02.776Z  INFO 338251 --- [           main] o.apache.catalina.core.StandardService   : Starting service [Tomcat]
2026-04-07T14:42:02.778Z  INFO 338251 --- [           main] o.apache.catalina.core.StandardEngine    : Starting Servlet engine: [Apache Tomcat/10.1.41]
2026-04-07T14:42:02.883Z  INFO 338251 --- [           main] o.a.c.c.C.[Tomcat].[localhost].[/]       : Initializing Spring embedded WebApplicationContext
2026-04-07T14:42:02.886Z  INFO 338251 --- [           main] w.s.c.ServletWebServerApplicationContext : Root WebApplicationContext: initialization completed in 2175 ms
Logging initialized using 'class org.apache.ibatis.logging.stdout.StdOutImpl' adapter.
Initialization Sequence datacenterId:8 workerId:14
 _ _   |_  _ _|_. ___ _ |    _
| | |\/|_)(_| | |_\  |_)||_|_\
     /               |
                        3.5.5
2026-04-07T14:42:04.114Z  INFO 338251 --- [           main] o.s.b.w.embedded.tomcat.TomcatWebServer  : Tomcat started on port 8080 (http) with context path '/'
2026-04-07T14:42:04.127Z  INFO 338251 --- [           main] c.agrisales.backend.BackendApplication   : Started BackendApplication in 4.396 seconds (process running for 4.959)
2026-04-07T14:46:23.311Z  INFO 338251 --- [nio-8080-exec-1] o.a.c.c.C.[Tomcat].[localhost].[/]       : Initializing Spring DispatcherServlet 'dispatcherServlet'
2026-04-07T14:46:23.312Z  INFO 338251 --- [nio-8080-exec-1] o.s.web.servlet.DispatcherServlet        : Initializing Servlet 'dispatcherServlet'
2026-04-07T14:46:23.313Z  INFO 338251 --- [nio-8080-exec-1] o.s.web.servlet.DispatcherServlet        : Completed initialization in 1 ms
Creating a new SqlSession
SqlSession [org.apache.ibatis.session.defaults.DefaultSqlSession@a2f8a92] was not registered for synchronization because synchronization is not active
2026-04-07T14:46:23.510Z  INFO 338251 --- [nio-8080-exec-1] com.zaxxer.hikari.HikariDataSource       : HikariPool-1 - Starting...
2026-04-07T14:46:24.775Z  INFO 338251 --- [nio-8080-exec-1] com.zaxxer.hikari.pool.HikariPool        : HikariPool-1 - Added connection org.postgresql.jdbc.PgConnection@6305f794
2026-04-07T14:46:24.777Z  INFO 338251 --- [nio-8080-exec-1] com.zaxxer.hikari.HikariDataSource       : HikariPool-1 - Start completed.
JDBC Connection [HikariProxyConnection@1750257884 wrapping org.postgresql.jdbc.PgConnection@6305f794] will not be managed by Spring
==>  Preparing: SELECT id,username,password,role,created_at FROM users WHERE (username = ?)
==> Parameters: test_consumer(String)
<==    Columns: id, username, password, role, created_at
<==        Row: 1, test_consumer, 123456, CONSUMER, 2026-04-07 04:29:52.498249+00
<==      Total: 1
Closing non transactional SqlSession [org.apache.ibatis.session.defaults.DefaultSqlSession@a2f8a92]
Creating a new SqlSession
SqlSession [org.apache.ibatis.session.defaults.DefaultSqlSession@2e2942f4] was not registered for synchronization because synchronization is not active
JDBC Connection [HikariProxyConnection@1690762726 wrapping org.postgresql.jdbc.PgConnection@6305f794] will not be managed by Spring
==>  Preparing: SELECT id,farmer_id,name,description,price,stock,image_url,category,status,created_at,updated_at FROM products WHERE (status = ?)
==> Parameters: APPROVED(String)
<==    Columns: id, farmer_id, name, description, price, stock, image_url, category, status, created_at, updated_at
<==        Row: 1, 5, coco, good, 0.30, 1, /uploads/bb2b527a-b055-4a64-9a15-8dbae9c4ef03.jpg, Others, APPROVED, 2026-04-07 06:04:45.853586+00, 2026-04-07 06:04:45.853586+00
<==        Row: 2, 5, tim, very good, 1.00, 3, /uploads/9cbe0d04-aebf-4fcc-9de0-757c14a441bd.jpg, Fruits, APPROVED, 2026-04-07 07:08:59.378892+00, 2026-04-07 07:08:59.378892+00
<==      Total: 2
Closing non transactional SqlSession [org.apache.ibatis.session.defaults.DefaultSqlSession@2e2942f4]
2026-04-08T03:35:20.876Z  WARN 338251 --- [l-1:housekeeper] com.zaxxer.hikari.pool.PoolBase          : HikariPool-1 - Failed to validate connection org.postgresql.jdbc.PgConnection@78ffcc97 (This connection has been closed.). Possibly consider using a shorter maxLifetime value.
2026-04-08T03:35:31.462Z  WARN 338251 --- [l-1:housekeeper] com.zaxxer.hikari.pool.PoolBase          : HikariPool-1 - Failed to validate connection org.postgresql.jdbc.PgConnection@74d5056f (This connection has been closed.). Possibly consider using a shorter maxLifetime value.
2026-04-08T03:35:31.548Z  WARN 338251 --- [l-1:housekeeper] com.zaxxer.hikari.pool.PoolBase          : HikariPool-1 - Failed to validate connection org.postgresql.jdbc.PgConnection@799dd9cf (This connection has been closed.). Possibly consider using a shorter maxLifetime value.
2026-04-08T03:35:40.207Z  WARN 338251 --- [l-1:housekeeper] com.zaxxer.hikari.pool.PoolBase          : HikariPool-1 - Failed to validate connection org.postgresql.jdbc.PgConnection@4d1af416 (This connection has been closed.). Possibly consider using a shorter maxLifetime value.
2026-04-08T03:35:47.951Z  WARN 338251 --- [l-1:housekeeper] com.zaxxer.hikari.pool.PoolBase          : HikariPool-1 - Failed to validate connection org.postgresql.jdbc.PgConnection@2465d0c2 (This connection has been closed.). Possibly consider using a shorter maxLifetime value.
2026-04-08T03:35:48.640Z  WARN 338251 --- [l-1:housekeeper] com.zaxxer.hikari.pool.PoolBase          : HikariPool-1 - Failed to validate connection org.postgresql.jdbc.PgConnection@2901de16 (This connection has been closed.). Possibly consider using a shorter maxLifetime value.
2026-04-08T03:35:55.155Z  WARN 338251 --- [l-1:housekeeper] com.zaxxer.hikari.pool.PoolBase          : HikariPool-1 - Failed to validate connection org.postgresql.jdbc.PgConnection@7b9e40d7 (This connection has been closed.). Possibly consider using a shorter maxLifetime value.
2026-04-08T03:36:01.593Z  WARN 338251 --- [l-1:housekeeper] com.zaxxer.hikari.pool.PoolBase          : HikariPool-1 - Failed to validate connection org.postgresql.jdbc.PgConnection@4b5d548e (This connection has been closed.). Possibly consider using a shorter maxLifetime value.
2026-04-08T03:36:17.788Z  WARN 338251 --- [l-1:housekeeper] com.zaxxer.hikari.pool.PoolBase          : HikariPool-1 - Failed to validate connection org.postgresql.jdbc.PgConnection@659abf33 (This connection has been closed.). Possibly consider using a shorter maxLifetime value.
2026-04-08T03:36:42.691Z  WARN 338251 --- [l-1:housekeeper] com.zaxxer.hikari.pool.PoolBase          : HikariPool-1 - Failed to validate connection org.postgresql.jdbc.PgConnection@6305f794 (This connection has been closed.). Possibly consider using a shorter maxLifetime value.
2026-04-08T04:00:11.053Z  WARN 338251 --- [l-1:housekeeper] com.zaxxer.hikari.pool.PoolBase          : HikariPool-1 - Failed to validate connection org.postgresql.jdbc.PgConnection@ce452ce (This connection has been closed.). Possibly consider using a shorter maxLifetime value.
2026-04-08T04:00:28.758Z  WARN 338251 --- [l-1:housekeeper] com.zaxxer.hikari.pool.PoolBase          : HikariPool-1 - Failed to validate connection org.postgresql.jdbc.PgConnection@6b1987c6 (This connection has been closed.). Possibly consider using a shorter maxLifetime value.
2026-04-08T04:00:37.971Z  WARN 338251 --- [l-1:housekeeper] com.zaxxer.hikari.pool.PoolBase          : HikariPool-1 - Failed to validate connection org.postgresql.jdbc.PgConnection@41fc8b00 (This connection has been closed.). Possibly consider using a shorter maxLifetime value.
2026-04-08T04:00:44.274Z  WARN 338251 --- [l-1:housekeeper] com.zaxxer.hikari.pool.PoolBase          : HikariPool-1 - Failed to validate connection org.postgresql.jdbc.PgConnection@5c0f2a45 (This connection has been closed.). Possibly consider using a shorter maxLifetime value.
2026-04-08T04:00:49.499Z  WARN 338251 --- [l-1:housekeeper] com.zaxxer.hikari.pool.PoolBase          : HikariPool-1 - Failed to validate connection org.postgresql.jdbc.PgConnection@10f78e7f (This connection has been closed.). Possibly consider using a shorter maxLifetime value.
2026-04-08T04:01:24.951Z  WARN 338251 --- [l-1:housekeeper] com.zaxxer.hikari.pool.PoolBase          : HikariPool-1 - Failed to validate connection org.postgresql.jdbc.PgConnection@332c6924 (This connection has been closed.). Possibly consider using a shorter maxLifetime value.
2026-04-08T04:01:28.297Z  WARN 338251 --- [l-1:housekeeper] com.zaxxer.hikari.pool.PoolBase          : HikariPool-1 - Failed to validate connection org.postgresql.jdbc.PgConnection@1fc8b099 (This connection has been closed.). Possibly consider using a shorter maxLifetime value.
2026-04-08T04:01:35.251Z  WARN 338251 --- [l-1:housekeeper] com.zaxxer.hikari.pool.PoolBase          : HikariPool-1 - Failed to validate connection org.postgresql.jdbc.PgConnection@280ebe35 (This connection has been closed.). Possibly consider using a shorter maxLifetime value.
2026-04-08T04:01:44.342Z  WARN 338251 --- [l-1:housekeeper] com.zaxxer.hikari.pool.PoolBase          : HikariPool-1 - Failed to validate connection org.postgresql.jdbc.PgConnection@494deb16 (This connection has been closed.). Possibly consider using a shorter maxLifetime value.
2026-04-08T04:01:50.459Z  WARN 338251 --- [l-1:housekeeper] com.zaxxer.hikari.pool.PoolBase          : HikariPool-1 - Failed to validate connection org.postgresql.jdbc.PgConnection@4ef92d86 (This connection has been closed.). Possibly consider using a shorter maxLifetime value.
2026-04-08T04:10:27.664Z  WARN 338251 --- [l-1:housekeeper] com.zaxxer.hikari.pool.PoolBase          : HikariPool-1 - Failed to validate connection org.postgresql.jdbc.PgConnection@4cef2959 (This connection has been closed.). Possibly consider using a shorter maxLifetime value.
2026-04-08T04:10:31.167Z  WARN 338251 --- [l-1:housekeeper] com.zaxxer.hikari.pool.PoolBase          : HikariPool-1 - Failed to validate connection org.postgresql.jdbc.PgConnection@6dde39e (This connection has been closed.). Possibly consider using a shorter maxLifetime value.
2026-04-08T04:10:52.007Z  WARN 338251 --- [l-1:housekeeper] com.zaxxer.hikari.pool.PoolBase          : HikariPool-1 - Failed to validate connection org.postgresql.jdbc.PgConnection@fda6f18 (This connection has been closed.). Possibly consider using a shorter maxLifetime value.
2026-04-08T04:10:53.416Z  WARN 338251 --- [l-1:housekeeper] com.zaxxer.hikari.pool.PoolBase          : HikariPool-1 - Failed to validate connection org.postgresql.jdbc.PgConnection@40a630a5 (This connection has been closed.). Possibly consider using a shorter maxLifetime value.
2026-04-08T04:11:11.401Z  WARN 338251 --- [l-1:housekeeper] com.zaxxer.hikari.pool.PoolBase          : HikariPool-1 - Failed to validate connection org.postgresql.jdbc.PgConnection@290eea3c (This connection has been closed.). Possibly consider using a shorter maxLifetime value.
2026-04-08T04:11:11.507Z  WARN 338251 --- [l-1:housekeeper] com.zaxxer.hikari.pool.PoolBase          : HikariPool-1 - Failed to validate connection org.postgresql.jdbc.PgConnection@1e0316ad (This connection has been closed.). Possibly consider using a shorter maxLifetime value.
2026-04-08T04:11:33.386Z  WARN 338251 --- [l-1:housekeeper] com.zaxxer.hikari.pool.PoolBase          : HikariPool-1 - Failed to validate connection org.postgresql.jdbc.PgConnection@6f513ed0 (This connection has been closed.). Possibly consider using a shorter maxLifetime value.
2026-04-08T04:11:46.671Z  WARN 338251 --- [l-1:housekeeper] com.zaxxer.hikari.pool.PoolBase          : HikariPool-1 - Failed to validate connection org.postgresql.jdbc.PgConnection@4347b73e (This connection has been closed.). Possibly consider using a shorter maxLifetime value.
2026-04-08T04:12:00.684Z  WARN 338251 --- [l-1:housekeeper] com.zaxxer.hikari.pool.PoolBase          : HikariPool-1 - Failed to validate connection org.postgresql.jdbc.PgConnection@23b67645 (This connection has been closed.). Possibly consider using a shorter maxLifetime value.
2026-04-08T04:12:08.632Z  WARN 338251 --- [l-1:housekeeper] com.zaxxer.hikari.pool.PoolBase          : HikariPool-1 - Failed to validate connection org.postgresql.jdbc.PgConnection@6f643f7c (This connection has been closed.). Possibly consider using a shorter maxLifetime value.
2026-04-21T13:55:37.636Z  WARN 338251 --- [l-1:housekeeper] com.zaxxer.hikari.pool.PoolBase          : HikariPool-1 - Failed to validate connection org.postgresql.jdbc.PgConnection@1457e7b (This connection has been closed.). Possibly consider using a shorter maxLifetime value.
2026-04-21T13:55:45.133Z  WARN 338251 --- [l-1:housekeeper] com.zaxxer.hikari.pool.PoolBase          : HikariPool-1 - Failed to validate connection org.postgresql.jdbc.PgConnection@7a64b193 (This connection has been closed.). Possibly consider using a shorter maxLifetime value.
2026-04-21T13:55:51.917Z  WARN 338251 --- [l-1:housekeeper] com.zaxxer.hikari.pool.PoolBase          : HikariPool-1 - Failed to validate connection org.postgresql.jdbc.PgConnection@4803a7ed (This connection has been closed.). Possibly consider using a shorter maxLifetime value.
2026-04-21T13:56:03.945Z  WARN 338251 --- [l-1:housekeeper] com.zaxxer.hikari.pool.PoolBase          : HikariPool-1 - Failed to validate connection org.postgresql.jdbc.PgConnection@ca73ad4 (This connection has been closed.). Possibly consider using a shorter maxLifetime value.
2026-04-21T13:56:07.015Z  WARN 338251 --- [l-1:housekeeper] com.zaxxer.hikari.pool.PoolBase          : HikariPool-1 - Failed to validate connection org.postgresql.jdbc.PgConnection@4695bd5d (This connection has been closed.). Possibly consider using a shorter maxLifetime value.
2026-04-21T13:56:08.083Z  WARN 338251 --- [l-1:housekeeper] com.zaxxer.hikari.pool.PoolBase          : HikariPool-1 - Failed to validate connection org.postgresql.jdbc.PgConnection@12d9bc12 (This connection has been closed.). Possibly consider using a shorter maxLifetime value.
2026-04-21T13:56:13.310Z  WARN 338251 --- [l-1:housekeeper] com.zaxxer.hikari.pool.PoolBase          : HikariPool-1 - Failed to validate connection org.postgresql.jdbc.PgConnection@279d4507 (This connection has been closed.). Possibly consider using a shorter maxLifetime value.
2026-04-21T13:56:32.472Z  WARN 338251 --- [l-1:housekeeper] com.zaxxer.hikari.pool.PoolBase          : HikariPool-1 - Failed to validate connection org.postgresql.jdbc.PgConnection@3d64a16e (This connection has been closed.). Possibly consider using a shorter maxLifetime value.
2026-04-21T13:56:48.937Z  WARN 338251 --- [l-1:housekeeper] com.zaxxer.hikari.pool.PoolBase          : HikariPool-1 - Failed to validate connection org.postgresql.jdbc.PgConnection@2ffa77c6 (This connection has been closed.). Possibly consider using a shorter maxLifetime value.
2026-04-21T13:57:08.942Z  WARN 338251 --- [l-1:housekeeper] com.zaxxer.hikari.pool.PoolBase          : HikariPool-1 - Failed to validate connection org.postgresql.jdbc.PgConnection@65226fc5 (This connection has been closed.). Possibly consider using a shorter maxLifetime value.
2026-04-21T14:17:11.010Z  WARN 338251 --- [l-1:housekeeper] com.zaxxer.hikari.pool.PoolBase          : HikariPool-1 - Failed to validate connection org.postgresql.jdbc.PgConnection@6ef02c06 (This connection has been closed.). Possibly consider using a shorter maxLifetime value.
2026-04-21T14:17:27.666Z  WARN 338251 --- [l-1:housekeeper] com.zaxxer.hikari.pool.PoolBase          : HikariPool-1 - Failed to validate connection org.postgresql.jdbc.PgConnection@4baad0e4 (This connection has been closed.). Possibly consider using a shorter maxLifetime value.
2026-04-21T14:17:37.890Z  WARN 338251 --- [l-1:housekeeper] com.zaxxer.hikari.pool.PoolBase          : HikariPool-1 - Failed to validate connection org.postgresql.jdbc.PgConnection@77202d83 (This connection has been closed.). Possibly consider using a shorter maxLifetime value.
2026-04-21T14:18:01.793Z  WARN 338251 --- [l-1:housekeeper] com.zaxxer.hikari.pool.PoolBase          : HikariPool-1 - Failed to validate connection org.postgresql.jdbc.PgConnection@514dedd6 (This connection has been closed.). Possibly consider using a shorter maxLifetime value.
2026-04-21T14:18:11.916Z  WARN 338251 --- [l-1:housekeeper] com.zaxxer.hikari.pool.PoolBase          : HikariPool-1 - Failed to validate connection org.postgresql.jdbc.PgConnection@4259f175 (This connection has been closed.). Possibly consider using a shorter maxLifetime value.
2026-04-21T14:18:12.111Z  WARN 338251 --- [l-1:housekeeper] com.zaxxer.hikari.pool.PoolBase          : HikariPool-1 - Failed to validate connection org.postgresql.jdbc.PgConnection@59567d40 (This connection has been closed.). Possibly consider using a shorter maxLifetime value.
2026-04-21T14:18:19.706Z  WARN 338251 --- [l-1:housekeeper] com.zaxxer.hikari.pool.PoolBase          : HikariPool-1 - Failed to validate connection org.postgresql.jdbc.PgConnection@71ef1153 (This connection has been closed.). Possibly consider using a shorter maxLifetime value.
2026-04-21T14:18:21.650Z  WARN 338251 --- [l-1:housekeeper] com.zaxxer.hikari.pool.PoolBase          : HikariPool-1 - Failed to validate connection org.postgresql.jdbc.PgConnection@43bd36f9 (This connection has been closed.). Possibly consider using a shorter maxLifetime value.
2026-04-21T14:18:23.687Z  WARN 338251 --- [l-1:housekeeper] com.zaxxer.hikari.pool.PoolBase          : HikariPool-1 - Failed to validate connection org.postgresql.jdbc.PgConnection@296bffb3 (This connection has been closed.). Possibly consider using a shorter maxLifetime value.
2026-04-21T14:18:32.773Z  WARN 338251 --- [l-1:housekeeper] com.zaxxer.hikari.pool.PoolBase          : HikariPool-1 - Failed to validate connection org.postgresql.jdbc.PgConnection@20071644 (This connection has been closed.). Possibly consider using a shorter maxLifetime value.
Creating a new SqlSession
SqlSession [org.apache.ibatis.session.defaults.DefaultSqlSession@378021da] was not registered for synchronization because synchronization is not active
JDBC Connection [HikariProxyConnection@961005914 wrapping org.postgresql.jdbc.PgConnection@3d784aaa] will not be managed by Spring
==>  Preparing: SELECT id,farmer_id,name,description,price,stock,image_url,category,status,created_at,updated_at FROM products WHERE (status = ?)
==> Parameters: APPROVED(String)
<==    Columns: id, farmer_id, name, description, price, stock, image_url, category, status, created_at, updated_at
<==        Row: 9, 5, tim, sometimes, 1.20, 1, /uploads/11204494-9773-4198-a04c-527cf34e1309.png, Others, APPROVED, 2026-04-09 15:53:49.253783+00, 2026-04-09 15:53:49.253783+00
<==        Row: 7, 5, coco, good, 0.30, 3, /uploads/dbf44a0c-f55f-4a42-94bf-571185b00d56.jpg, Fruits, APPROVED, 2026-04-09 15:52:34.827931+00, 2026-04-09 15:52:34.827931+00
<==        Row: 8, 5, dog, mie~, 0.60, 6, /uploads/ef226e3f-91e0-45a8-aa85-8c55101b8113.jpg, Vegetables, APPROVED, 2026-04-09 15:53:11.662551+00, 2026-04-09 15:53:11.662551+00
<==        Row: 10, 5, peter, not bad, 2.00, 10, /uploads/f81ac3d0-1fad-4dc8-b737-60f88dcccb65.jpg, Others, APPROVED, 2026-04-10 02:34:16.442229+00, 2026-04-10 02:34:16.442229+00
<==        Row: 11, 5, some, hot, 3.00, 16, /uploads/74cfa374-1f51-4aa3-8d01-f59af46d7916.png, Meat, APPROVED, 2026-04-10 02:36:34.015589+00, 2026-04-10 02:36:34.015589+00
<==      Total: 5
Closing non transactional SqlSession [org.apache.ibatis.session.defaults.DefaultSqlSession@378021da]
2026-04-22T06:16:42.322Z  WARN 338251 --- [l-1:housekeeper] com.zaxxer.hikari.pool.PoolBase          : HikariPool-1 - Failed to validate connection org.postgresql.jdbc.PgConnection@72cd7b88 (This connection has been closed.). Possibly consider using a shorter maxLifetime value.
2026-04-22T06:16:46.383Z  WARN 338251 --- [l-1:housekeeper] com.zaxxer.hikari.pool.PoolBase          : HikariPool-1 - Failed to validate connection org.postgresql.jdbc.PgConnection@1c8007f2 (This connection has been closed.). Possibly consider using a shorter maxLifetime value.
2026-04-22T06:16:51.319Z  WARN 338251 --- [l-1:housekeeper] com.zaxxer.hikari.pool.PoolBase          : HikariPool-1 - Failed to validate connection org.postgresql.jdbc.PgConnection@28fdc974 (This connection has been closed.). Possibly consider using a shorter maxLifetime value.
2026-04-22T06:17:10.094Z  WARN 338251 --- [l-1:housekeeper] com.zaxxer.hikari.pool.PoolBase          : HikariPool-1 - Failed to validate connection org.postgresql.jdbc.PgConnection@3175f6d8 (This connection has been closed.). Possibly consider using a shorter maxLifetime value.
2026-04-22T06:17:26.883Z  WARN 338251 --- [l-1:housekeeper] com.zaxxer.hikari.pool.PoolBase          : HikariPool-1 - Failed to validate connection org.postgresql.jdbc.PgConnection@4533f208 (This connection has been closed.). Possibly consider using a shorter maxLifetime value.
2026-04-22T06:17:28.588Z  WARN 338251 --- [l-1:housekeeper] com.zaxxer.hikari.pool.PoolBase          : HikariPool-1 - Failed to validate connection org.postgresql.jdbc.PgConnection@1d9ed025 (This connection has been closed.). Possibly consider using a shorter maxLifetime value.
2026-04-22T06:17:58.711Z  WARN 338251 --- [l-1:housekeeper] com.zaxxer.hikari.pool.PoolBase          : HikariPool-1 - Failed to validate connection org.postgresql.jdbc.PgConnection@42db6060 (This connection has been closed.). Possibly consider using a shorter maxLifetime value.
2026-04-22T06:18:05.904Z  WARN 338251 --- [l-1:housekeeper] com.zaxxer.hikari.pool.PoolBase          : HikariPool-1 - Failed to validate connection org.postgresql.jdbc.PgConnection@256399b (This connection has been closed.). Possibly consider using a shorter maxLifetime value.
2026-04-22T06:18:20.163Z  WARN 338251 --- [l-1:housekeeper] com.zaxxer.hikari.pool.PoolBase          : HikariPool-1 - Failed to validate connection org.postgresql.jdbc.PgConnection@3d784aaa (This connection has been closed.). Possibly consider using a shorter maxLifetime value.
2026-04-22T06:18:36.919Z  WARN 338251 --- [l-1:housekeeper] com.zaxxer.hikari.pool.PoolBase          : HikariPool-1 - Failed to validate connection org.postgresql.jdbc.PgConnection@7b06ead4 (This connection has been closed.). Possibly consider using a shorter maxLifetime value.
Creating a new SqlSession
SqlSession [org.apache.ibatis.session.defaults.DefaultSqlSession@7f83ef32] was not registered for synchronization because synchronization is not active
JDBC Connection [HikariProxyConnection@1178722797 wrapping org.postgresql.jdbc.PgConnection@faf4407] will not be managed by Spring
==>  Preparing: SELECT id,farmer_id,name,description,price,stock,image_url,category,status,created_at,updated_at FROM products WHERE (status = ?)
==> Parameters: APPROVED(String)
<==    Columns: id, farmer_id, name, description, price, stock, image_url, category, status, created_at, updated_at
<==        Row: 9, 5, tim, sometimes, 1.20, 1, /uploads/11204494-9773-4198-a04c-527cf34e1309.png, Others, APPROVED, 2026-04-09 15:53:49.253783+00, 2026-04-09 15:53:49.253783+00
<==        Row: 7, 5, coco, good, 0.30, 3, /uploads/dbf44a0c-f55f-4a42-94bf-571185b00d56.jpg, Fruits, APPROVED, 2026-04-09 15:52:34.827931+00, 2026-04-09 15:52:34.827931+00
<==        Row: 8, 5, dog, mie~, 0.60, 6, /uploads/ef226e3f-91e0-45a8-aa85-8c55101b8113.jpg, Vegetables, APPROVED, 2026-04-09 15:53:11.662551+00, 2026-04-09 15:53:11.662551+00
<==        Row: 10, 5, peter, not bad, 2.00, 10, /uploads/f81ac3d0-1fad-4dc8-b737-60f88dcccb65.jpg, Others, APPROVED, 2026-04-10 02:34:16.442229+00, 2026-04-10 02:34:16.442229+00
<==        Row: 11, 5, some, hot, 3.00, 16, /uploads/74cfa374-1f51-4aa3-8d01-f59af46d7916.png, Meat, APPROVED, 2026-04-10 02:36:34.015589+00, 2026-04-10 02:36:34.015589+00
<==      Total: 5
Closing non transactional SqlSession [org.apache.ibatis.session.defaults.DefaultSqlSession@7f83ef32]
